make all --print-data-base --no-builtin-variables --no-builtin-rules --question
# GNU Make 4.3
# Built for x86_64-pc-linux-gnu
# Copyright (C) 1988-2020 Free Software Foundation, Inc.
# License GPLv3+: GNU GPL version 3 or later <http://gnu.org/licenses/gpl.html>
# This is free software: you are free to change and redistribute it.
# There is NO WARRANTY, to the extent permitted by law.

# Make data base, printed on Tue Sep 17 19:33:04 2024

# Variables

# environment
GDK_BACKEND = x11
# environment
LC_ALL = C
# environment
GNOME_SHELL_SESSION_MODE = ubuntu
# environment
SSH_AGENT_LAUNCHER = gnome-keyring
# environment
GJS_DEBUG_OUTPUT = stderr
# environment
VSCODE_CRASH_REPORTER_PROCESS_TYPE = extensionHost
# environment
VSCODE_CWD = /home/aluno
# environment
WINDOWPATH = 2
# environment
NVM_DIR = /home/aluno/.nvm
# default
MAKE_COMMAND := make
# environment
QT_ACCESSIBILITY = 1
# automatic
@D = $(patsubst %/,%,$(dir $@))
# environment
VSCODE_HANDLES_UNCAUGHT_ERRORS = true
# default
.VARIABLES := 
# environment
PWD = /home/aluno/Área de Trabalho/JAVA
# automatic
%D = $(patsubst %/,%,$(dir $%))
# environment
XDG_DATA_DIRS = /usr/share/ubuntu-xorg:/usr/share/gnome:/usr/local/share/:/usr/share/:/var/lib/snapd/desktop
# automatic
^D = $(patsubst %/,%,$(dir $^))
# automatic
%F = $(notdir $%)
# environment
NVM_INC = /home/aluno/.nvm/versions/node/v20.11.1/include/node
# environment
VSCODE_CODE_CACHE_PATH = /home/aluno/.config/Code/CachedData/903b1e9d8990623e3d7da1df3d33db3e42d80eda
# environment
LANG = C
# environment
XAUTHORITY = /run/user/1001/gdm/Xauthority
# default
.LOADED := 
# default
.INCLUDE_DIRS = /usr/local/include /usr/include /usr/include
# makefile
MAKEFLAGS = pqrR
# makefile
CURDIR := /home/aluno/Área de Trabalho/JAVA
# environment
APPLICATION_INSIGHTS_NO_DIAGNOSTIC_CHANNEL = true
# environment
LESSOPEN = | /usr/bin/lesspipe %s
# automatic
*D = $(patsubst %/,%,$(dir $*))
# environment
MFLAGS = -pqrR
# environment
SSH_AUTH_SOCK = /run/user/1001/keyring/ssh
# default
.SHELLFLAGS := -c
# environment
NVM_BIN = /home/aluno/.nvm/versions/node/v20.11.1/bin
# environment
XDG_CONFIG_DIRS = /etc/xdg/xdg-ubuntu-xorg:/etc/xdg
# automatic
+D = $(patsubst %/,%,$(dir $+))
# environment
XDG_SESSION_DESKTOP = ubuntu-xorg
# makefile (from 'Makefile', line 1)
MAKEFILE_LIST := Makefile
# automatic
@F = $(notdir $@)
# environment
PT8HOME = /opt/pt
# environment
VSCODE_PID = 3518
# environment
XDG_SESSION_TYPE = x11
# automatic
?D = $(patsubst %/,%,$(dir $?))
# environment
SESSION_MANAGER = local/brj4040trq:@/tmp/.ICE-unix/2429,unix/brj4040trq:/tmp/.ICE-unix/2429
# automatic
*F = $(notdir $*)
# environment
CHROME_DESKTOP = code-url-handler.desktop
# environment
DBUS_SESSION_BUS_ADDRESS = unix:path=/run/user/1001/bus
# automatic
<D = $(patsubst %/,%,$(dir $<))
# environment
VSCODE_NLS_CONFIG = {"locale":"pt-br","osLocale":"pt-br","availableLanguages":{"*":"pt-br"},"_languagePackId":"8ab7ffa055eac3bddf2b835f93d651d0.pt-br","_translationsConfigFile":"/home/aluno/.config/Code/clp/8ab7ffa055eac3bddf2b835f93d651d0.pt-br/tcf.json","_cacheRoot":"/home/aluno/.config/Code/clp/8ab7ffa055eac3bddf2b835f93d651d0.pt-br","_resolvedLanguagePackCoreLocation":"/home/aluno/.config/Code/clp/8ab7ffa055eac3bddf2b835f93d651d0.pt-br/903b1e9d8990623e3d7da1df3d33db3e42d80eda","_corruptedFile":"/home/aluno/.config/Code/clp/8ab7ffa055eac3bddf2b835f93d651d0.pt-br/corrupted.info","_languagePackSupport":true}
# default
MAKE_HOST := x86_64-pc-linux-gnu
# environment
GNOME_DESKTOP_SESSION_ID = this-is-deprecated
# makefile
SHELL = /bin/sh
# default
MAKECMDGOALS := all
# environment
XMODIFIERS = @im=ibus
# environment
GJS_DEBUG_TOPICS = JS ERROR;JS LOG
# environment
SHLVL = 0
# environment
MAKELEVEL := 0
# default
MAKE = $(MAKE_COMMAND)
# environment
PATH = /home/aluno/.local/bin:/home/aluno/.nvm/versions/node/v20.11.1/bin:/home/aluno/.local/bin:/usr/local/sbin:/usr/local/bin:/usr/sbin:/usr/bin:/sbin:/bin:/usr/games:/usr/local/games:/snap/bin:/snap/bin
# default
MAKEFILES := 
# environment
LANGUAGE = pt_BR:pt:en
# automatic
^F = $(notdir $^)
# environment
INVOCATION_ID = d696390ce9384e9dba0904bd69566904
# environment
USERNAME = aluno
# environment
LESSCLOSE = /usr/bin/lesspipe %s %s
# automatic
?F = $(notdir $?)
# environment
GTK_IM_MODULE = ibus
# environment
XDG_CURRENT_DESKTOP = Unity
# automatic
+F = $(notdir $+)
# environment
DESKTOP_SESSION = ubuntu-xorg
# environment
ORIGINAL_XDG_CURRENT_DESKTOP = ubuntu:GNOME
# 'override' directive
GNUMAKEFLAGS := 
# environment
LOGNAME = aluno
# environment
GIO_LAUNCHED_DESKTOP_FILE = /usr/share/applications/code.desktop
# makefile
.DEFAULT_GOAL := make
# environment
SYSTEMD_EXEC_PID = 2457
# environment
DISPLAY = :1
# environment
USER = aluno
# environment
GTK_MODULES = gail:atk-bridge
# default
MAKE_VERSION := 4.3
# environment
MANAGERPID = 2033
# environment
GIO_LAUNCHED_DESKTOP_FILE_PID = 3518
# environment
_ = /usr/share/code/code
# environment
XDG_RUNTIME_DIR = /run/user/1001
# environment
GPG_AGENT_INFO = /run/user/1001/gnupg/S.gpg-agent:0:1
# environment
JOURNAL_STREAM = 8:29878
# environment
XDG_SESSION_CLASS = user
# environment
VSCODE_AMD_ENTRYPOINT = vs/workbench/api/node/extensionHostProcess
# environment
HOME = /home/aluno
# environment
QT_IM_MODULE = ibus
# environment
ELECTRON_RUN_AS_NODE = 1
# environment
VSCODE_IPC_HOOK = /run/user/1001/vscode-9b00a1e7-1.86-main.sock
# default
.RECIPEPREFIX := 
# automatic
<F = $(notdir $<)
# default
SUFFIXES := 
# default
.FEATURES := target-specific order-only second-expansion else-if shortest-stem undefine oneshell nocomment grouped-target extra-prereqs archives jobserver output-sync check-symlink load
# environment
XDG_MENU_PREFIX = gnome-
# environment
GDMSESSION = ubuntu-xorg
# variable set hash-table stats:
# Load=98/1024=10%, Rehash=0, Collisions=2/128=2%

# Pattern-specific Variable Values

# No pattern-specific variable values.

# Directories

# . (device 37, inode 2885370): 10 files, no impossibilities.

# 10 files, no impossibilities in 1 directories.

# Implicit Rules

# No implicit rules.

# Files

make: build run
#  Implicit rule search has not been done.
#  Modification time never checked.
#  File has not been updated.

# Not a target:
Makefile:
#  Implicit rule search has been done.
#  Last modified 2024-09-17 19:32:44.069899497
#  File has been updated.
#  Successfully updated.

clear:
#  Implicit rule search has not been done.
#  Modification time never checked.
#  File has not been updated.
#  recipe to execute (from 'Makefile', line 12):
	rm -r bin/*

git:
#  Implicit rule search has not been done.
#  Modification time never checked.
#  File has not been updated.
#  recipe to execute (from 'Makefile', line 16):
	git config --global user.email "wuesleysoaresmaximiano@gmail.com"
	git config --global user.name "wuesleymax"

# Not a target:
.DEFAULT:
#  Implicit rule search has not been done.
#  Modification time never checked.
#  File has not been updated.

# Not a target:
all:
#  Command line target.
#  Implicit rule search has been done.
#  File does not exist.
#  File has not been updated.

run:
#  Implicit rule search has not been done.
#  Modification time never checked.
#  File has not been updated.
#  recipe to execute (from 'Makefile', line 9):
	 @java -cp bin Main

build:
#  Implicit rule search has not been done.
#  Modification time never checked.
#  File has not been updated.
#  recipe to execute (from 'Makefile', line 4):
	 javac -d bin Main.java aulas/*.java libs/*.java
	 #javac -d bin aulas/Aula20.java
	 #javac -d bin libs/*.java
	

# files hash-table stats:
# Load=9/1024=1%, Rehash=0, Collisions=0/23=0%
# VPATH Search Paths

# No 'vpath' search paths.

# No general ('VPATH' variable) search path.
 
make: *** No rule to make target 'all'.  Stop.


# strcache buffers: 1 (0) / strings = 20 / storage = 142 B / avg = 7 B
# current buf: size = 8162 B / used = 142 B / count = 20 / avg = 7 B

# strcache performance: lookups = 31 / hit rate = 35%
# hash-table stats:
# Load=20/8192=0%, Rehash=0, Collisions=0/31=0%
# Finished Make data base on Tue Sep 17 19:33:04 2024

 
